<?xml version="1.0" encoding="UTF-8"?>
<!-- Generated by org.testng.reporters.JUnitXMLReporter -->
<testsuite ignored="1" hostname="TIL0C095" failures="0" tests="1" name="Default test" time="4.878" errors="0" timestamp="2024-07-12T00:37:51 IST">
  <testcase classname="com.sevenrmartsupermarket.tests.ManagePagesTest" name="searchTitle" time="1.468"/>
  <testcase classname="com.sevenrmartsupermarket.tests.ManagePagesTest" name="navigate" time="0.0">
    <ignored/>
  </testcase> <!-- navigate -->
</testsuite> <!-- Default test -->
