<?xml version="1.0" encoding="UTF-8"?>
<!-- Generated by org.testng.reporters.JUnitXMLReporter -->
<testsuite ignored="3" hostname="TIL0C095" failures="0" tests="1" name="Default test" time="5.059" errors="0" timestamp="2024-07-10T22:50:46 IST">
  <testcase classname="com.sevenrmartsupermarket.tests.AdminUserTest" name="resetAdminUserDetails" time="1.615"/>
  <testcase classname="com.sevenrmartsupermarket.tests.AdminUserTest" name="searchAdminUser" time="0.0">
    <ignored/>
  </testcase> <!-- searchAdminUser -->
  <testcase classname="com.sevenrmartsupermarket.tests.AdminUserTest" name="deleteSelectedUser" time="0.0">
    <ignored/>
  </testcase> <!-- deleteSelectedUser -->
  <testcase classname="com.sevenrmartsupermarket.tests.AdminUserTest" name="createAdminUser" time="0.0">
    <ignored/>
  </testcase> <!-- createAdminUser -->
</testsuite> <!-- Default test -->
