<?xml version="1.0" encoding="UTF-8"?>
<!-- Generated by org.testng.reporters.JUnitXMLReporter -->
<testsuite ignored="0" hostname="TIL0C095" failures="0" tests="4" name="ChromeBrowser" time="17.439" errors="0" timestamp="2024-07-10T07:55:35 IST">
  <testcase classname="com.sevenrmartsupermarket.tests.AdminUserTest" name="createAdminUser" time="2.073"/>
  <testcase classname="com.sevenrmartsupermarket.tests.AdminUserTest" name="deleteSelectedUser" time="1.91"/>
  <testcase classname="com.sevenrmartsupermarket.tests.AdminUserTest" name="resetAdminUserDetails" time="1.733"/>
  <testcase classname="com.sevenrmartsupermarket.tests.AdminUserTest" name="searchAdminUser" time="1.824"/>
</testsuite> <!-- ChromeBrowser -->
