<?xml version="1.0" encoding="UTF-8"?>
<!-- Generated by org.testng.reporters.JUnitXMLReporter -->
<testsuite ignored="0" hostname="TIL0C095" failures="0" tests="4" name="EdgeBrowser" time="27.909" errors="0" timestamp="2024-07-10T07:56:05 IST">
  <testcase classname="com.sevenrmartsupermarket.tests.AdminUserTest" name="createAdminUser" time="1.878"/>
  <testcase classname="com.sevenrmartsupermarket.tests.AdminUserTest" name="deleteSelectedUser" time="2.215"/>
  <testcase classname="com.sevenrmartsupermarket.tests.AdminUserTest" name="resetAdminUserDetails" time="1.819"/>
  <testcase classname="com.sevenrmartsupermarket.tests.AdminUserTest" name="searchAdminUser" time="2.889"/>
</testsuite> <!-- EdgeBrowser -->
