<?xml version="1.0" encoding="UTF-8"?>
<!-- Generated by org.testng.reporters.JUnitXMLReporter -->
<testsuite ignored="0" hostname="TIL0C095" failures="0" tests="4" name="FriefoxBrowser" time="2.4" errors="0" timestamp="2024-07-10T07:55:37 IST">
  <testcase classname="com.sevenrmartsupermarket.tests.AdminUserTest" name="createAdminUser" time="0.0">
    <skipped/>
  </testcase> <!-- createAdminUser -->
  <testcase classname="com.sevenrmartsupermarket.tests.AdminUserTest" name="deleteSelectedUser" time="0.0">
    <skipped/>
  </testcase> <!-- deleteSelectedUser -->
  <testcase classname="com.sevenrmartsupermarket.tests.AdminUserTest" name="resetAdminUserDetails" time="0.0">
    <skipped/>
  </testcase> <!-- resetAdminUserDetails -->
  <testcase classname="com.sevenrmartsupermarket.tests.AdminUserTest" name="searchAdminUser" time="0.0">
    <skipped/>
  </testcase> <!-- searchAdminUser -->
</testsuite> <!-- FriefoxBrowser -->
