<?xml version="1.0" encoding="UTF-8"?>
<testng-results ignored="0" total="1" passed="1" failed="0" skipped="0">
  <reporter-output>
  </reporter-output>
  <suite started-at="2024-07-14T22:50:14 IST" name="Default suite" finished-at="2024-07-14T22:50:19 IST" duration-ms="5656">
    <groups>
    </groups>
    <test started-at="2024-07-14T22:50:14 IST" name="Default test" finished-at="2024-07-14T22:50:19 IST" duration-ms="5656">
      <class name="com.sevenrmartsupermarket.tests.ManagePagesTest">
        <test-method is-config="true" signature="launchBrowser()[pri:0, instance:com.sevenrmartsupermarket.tests.ManagePagesTest@303cf2ba]" started-at="2024-07-14T22:50:14 IST" name="launchBrowser" finished-at="2024-07-14T22:50:17 IST" duration-ms="2891" status="PASS">
          <reporter-output>
          </reporter-output>
        </test-method> <!-- launchBrowser -->
        <test-method signature="newPage(java.lang.String,java.lang.String,java.lang.String)[pri:0, instance:com.sevenrmartsupermarket.tests.ManagePagesTest@303cf2ba]" started-at="2024-07-14T22:50:17 IST" name="newPage" data-provider="New page" finished-at="2024-07-14T22:50:19 IST" duration-ms="2239" status="PASS">
          <params>
            <param index="0">
              <value>
                <![CDATA[Amala Page1]]>
              </value>
            </param>
            <param index="1">
              <value>
                <![CDATA[Description 123]]>
              </value>
            </param>
            <param index="2">
              <value>
                <![CDATA[Amala entered Page1]]>
              </value>
            </param>
          </params>
          <reporter-output>
          </reporter-output>
        </test-method> <!-- newPage -->
        <test-method is-config="true" signature="terminateBrowser(org.testng.ITestResult)[pri:0, instance:com.sevenrmartsupermarket.tests.ManagePagesTest@303cf2ba]" started-at="2024-07-14T22:50:19 IST" name="terminateBrowser" finished-at="2024-07-14T22:50:19 IST" duration-ms="2" status="PASS">
          <params>
            <param index="0">
              <value>
                <![CDATA[[TestResult name=newPage status=SUCCESS method=ManagePagesTest.newPage(java.lang.String,java.lang.String,java.lang.String)[pri:0, instance:com.sevenrmartsupermarket.tests.ManagePagesTest@303cf2ba] output={null}]]]>
              </value>
            </param>
          </params>
          <reporter-output>
          </reporter-output>
        </test-method> <!-- terminateBrowser -->
      </class> <!-- com.sevenrmartsupermarket.tests.ManagePagesTest -->
    </test> <!-- Default test -->
  </suite> <!-- Default suite -->
</testng-results>
