<?xml version="1.0" encoding="UTF-8"?>
<testng-results ignored="0" total="1" passed="1" failed="0" skipped="0">
  <reporter-output>
  </reporter-output>
  <suite started-at="2024-07-10T22:50:41 IST" name="Default suite" finished-at="2024-07-10T22:50:46 IST" duration-ms="5059">
    <groups>
      <group name="regression">
        <method signature="AdminUserTest.resetAdminUserDetails()[pri:0, instance:com.sevenrmartsupermarket.tests.AdminUserTest@1033576a]" name="resetAdminUserDetails" class="com.sevenrmartsupermarket.tests.AdminUserTest"/>
      </group> <!-- regression -->
    </groups>
    <test started-at="2024-07-10T22:50:41 IST" name="Default test" finished-at="2024-07-10T22:50:46 IST" duration-ms="5059">
      <class name="com.sevenrmartsupermarket.tests.AdminUserTest">
        <test-method is-config="true" signature="launchBrowser()[pri:0, instance:com.sevenrmartsupermarket.tests.AdminUserTest@1033576a]" started-at="2024-07-10T22:50:41 IST" name="launchBrowser" finished-at="2024-07-10T22:50:45 IST" duration-ms="3397" status="PASS">
          <reporter-output>
          </reporter-output>
        </test-method> <!-- launchBrowser -->
        <test-method signature="resetAdminUserDetails()[pri:0, instance:com.sevenrmartsupermarket.tests.AdminUserTest@1033576a]" started-at="2024-07-10T22:50:45 IST" name="resetAdminUserDetails" finished-at="2024-07-10T22:50:46 IST" duration-ms="1615" status="PASS">
          <reporter-output>
          </reporter-output>
        </test-method> <!-- resetAdminUserDetails -->
        <test-method is-config="true" signature="terminateBrowser(org.testng.ITestResult)[pri:0, instance:com.sevenrmartsupermarket.tests.AdminUserTest@1033576a]" started-at="2024-07-10T22:50:46 IST" name="terminateBrowser" finished-at="2024-07-10T22:50:46 IST" duration-ms="1" status="PASS">
          <params>
            <param index="0">
              <value>
                <![CDATA[[TestResult name=resetAdminUserDetails status=SUCCESS method=AdminUserTest.resetAdminUserDetails()[pri:0, instance:com.sevenrmartsupermarket.tests.AdminUserTest@1033576a] output={null}]]]>
              </value>
            </param>
          </params>
          <reporter-output>
          </reporter-output>
        </test-method> <!-- terminateBrowser -->
      </class> <!-- com.sevenrmartsupermarket.tests.AdminUserTest -->
    </test> <!-- Default test -->
  </suite> <!-- Default suite -->
</testng-results>
